INFO  [2015-11-30 18:38:43,809] xof.classification.dbscan.DBScanAlgorithm:63 - It costs 64534 ms 
INFO  [2015-11-30 18:38:43,824] xof.classification.dbscan.DBScanAlgorithm:70 - count is 13825 
INFO  [2015-11-30 18:38:43,835] xof.classification.dbscan.DBScanAlgorithm:110 - DBScanAlgorithm: purity is 0.09592572314992244 
INFO  [2015-11-30 18:38:43,836] xof.classification.dbscan.DBScanAlgorithm:111 - DBScanAlgorithm: f_score list is [<861,0.466444814198558>] 
INFO  [2015-11-30 18:40:33,870] xof.classification.dbscan.DBScanAlgorithm:63 - It costs 68821 ms 
INFO  [2015-11-30 18:40:33,889] xof.classification.dbscan.DBScanAlgorithm:70 - count is 13825 
INFO  [2015-11-30 18:40:33,899] xof.classification.dbscan.DBScanAlgorithm:110 - DBScanAlgorithm: purity is 0.09592572314992244 
INFO  [2015-11-30 18:40:33,899] xof.classification.dbscan.DBScanAlgorithm:111 - DBScanAlgorithm: f_score list is [<861,0.466444814198558>] 
INFO  [2015-11-30 18:42:41,500] xof.classification.dbscan.DBScanAlgorithm:144 - DBScanAlgorithm: upadate 13825 points 
INFO  [2015-11-30 18:43:01,429] xof.classification.dbscan.DBScanAlgorithm:144 - DBScanAlgorithm: upadate 5179 points 
INFO  [2015-11-30 18:43:11,567] xof.classification.dbscan.DBScanAlgorithm:144 - DBScanAlgorithm: upadate 3558 points 
INFO  [2015-11-30 18:43:20,791] xof.classification.dbscan.DBScanAlgorithm:144 - DBScanAlgorithm: upadate 3561 points 
INFO  [2015-11-30 18:43:34,710] xof.classification.dbscan.DBScanAlgorithm:144 - DBScanAlgorithm: upadate 4557 points 
INFO  [2015-11-30 18:43:50,139] xof.classification.dbscan.DBScanAlgorithm:144 - DBScanAlgorithm: upadate 4827 points 
INFO  [2015-11-30 18:44:01,743] xof.classification.dbscan.DBScanAlgorithm:144 - DBScanAlgorithm: upadate 4088 points 
INFO  [2015-11-30 18:44:14,035] xof.classification.dbscan.DBScanAlgorithm:144 - DBScanAlgorithm: upadate 4241 points 
INFO  [2015-11-30 18:44:14,043] xof.classification.dbscan.DBScanAlgorithm:63 - It costs 164943 ms 
INFO  [2015-11-30 18:44:14,051] xof.classification.dbscan.DBScanAlgorithm:70 - count is 43836 
INFO  [2015-11-30 18:44:14,080] xof.classification.dbscan.DBScanAlgorithm:110 - DBScanAlgorithm: purity is 0.7805456702253856 
INFO  [2015-11-30 18:44:14,082] xof.classification.dbscan.DBScanAlgorithm:111 - DBScanAlgorithm: f_score list is [<861,0.466444814198558>, <74683,1.0>, <2501,1.0>, <843,1.0>, <2226,1.0>, <2333,1.0>, <93036,1.0>, <209,1.0>] 
INFO  [2015-11-30 18:46:58,403] xof.classification.dbscan.DBScanAlgorithm:144 - DBScanAlgorithm: upadate 13825 points 
INFO  [2015-11-30 18:47:15,218] xof.classification.dbscan.DBScanAlgorithm:144 - DBScanAlgorithm: upadate 5179 points 
INFO  [2015-11-30 18:47:24,575] xof.classification.dbscan.DBScanAlgorithm:144 - DBScanAlgorithm: upadate 3558 points 
INFO  [2015-11-30 18:47:33,767] xof.classification.dbscan.DBScanAlgorithm:144 - DBScanAlgorithm: upadate 3561 points 
INFO  [2015-11-30 18:47:47,440] xof.classification.dbscan.DBScanAlgorithm:144 - DBScanAlgorithm: upadate 4557 points 
INFO  [2015-11-30 18:48:02,538] xof.classification.dbscan.DBScanAlgorithm:144 - DBScanAlgorithm: upadate 4827 points 
INFO  [2015-11-30 18:48:13,828] xof.classification.dbscan.DBScanAlgorithm:144 - DBScanAlgorithm: upadate 4088 points 
INFO  [2015-11-30 18:48:25,864] xof.classification.dbscan.DBScanAlgorithm:144 - DBScanAlgorithm: upadate 4241 points 
INFO  [2015-11-30 18:48:25,874] xof.classification.dbscan.DBScanAlgorithm:63 - It costs 150135 ms 
INFO  [2015-11-30 18:48:25,882] xof.classification.dbscan.DBScanAlgorithm:70 - count is 43836 
INFO  [2015-11-30 18:48:25,890] xof.classification.dbscan.DBScanAlgorithm:95 - {13556=2011, 46=4190, 861=4205, 11543=3419} 
INFO  [2015-11-30 18:48:25,895] xof.classification.dbscan.DBScanAlgorithm:95 - {74683=5179} 
INFO  [2015-11-30 18:48:25,897] xof.classification.dbscan.DBScanAlgorithm:95 - {2501=3558} 
INFO  [2015-11-30 18:48:25,903] xof.classification.dbscan.DBScanAlgorithm:95 - {843=3561} 
INFO  [2015-11-30 18:48:25,910] xof.classification.dbscan.DBScanAlgorithm:95 - {2226=4557} 
INFO  [2015-11-30 18:48:25,914] xof.classification.dbscan.DBScanAlgorithm:95 - {2333=4827} 
INFO  [2015-11-30 18:48:25,917] xof.classification.dbscan.DBScanAlgorithm:95 - {93036=4088} 
INFO  [2015-11-30 18:48:25,920] xof.classification.dbscan.DBScanAlgorithm:95 - {209=4241} 
INFO  [2015-11-30 18:48:25,920] xof.classification.dbscan.DBScanAlgorithm:110 - DBScanAlgorithm: purity is 0.7805456702253856 
INFO  [2015-11-30 18:48:25,920] xof.classification.dbscan.DBScanAlgorithm:111 - DBScanAlgorithm: f_score list is [<861,0.466444814198558>, <74683,1.0>, <2501,1.0>, <843,1.0>, <2226,1.0>, <2333,1.0>, <93036,1.0>, <209,1.0>] 
INFO  [2015-11-30 19:52:35,671] xof.classification.dbscan.DBScanAlgorithm:144 - DBScanAlgorithm: upadate 4557 points 
INFO  [2015-11-30 19:52:40,419] xof.classification.dbscan.DBScanAlgorithm:144 - DBScanAlgorithm: upadate 3561 points 
INFO  [2015-11-30 19:53:17,268] xof.classification.dbscan.DBScanAlgorithm:144 - DBScanAlgorithm: upadate 13825 points 
INFO  [2015-11-30 19:53:23,614] xof.classification.dbscan.DBScanAlgorithm:144 - DBScanAlgorithm: upadate 4241 points 
INFO  [2015-11-30 19:53:31,456] xof.classification.dbscan.DBScanAlgorithm:144 - DBScanAlgorithm: upadate 4827 points 
INFO  [2015-11-30 19:53:40,046] xof.classification.dbscan.DBScanAlgorithm:144 - DBScanAlgorithm: upadate 5179 points 
INFO  [2015-11-30 19:53:45,087] xof.classification.dbscan.DBScanAlgorithm:144 - DBScanAlgorithm: upadate 3558 points 
INFO  [2015-11-30 19:53:50,884] xof.classification.dbscan.DBScanAlgorithm:144 - DBScanAlgorithm: upadate 4088 points 
INFO  [2015-11-30 19:53:50,890] xof.classification.dbscan.DBScanAlgorithm:63 - It costs 81109 ms 
INFO  [2015-11-30 19:53:50,895] xof.classification.dbscan.DBScanAlgorithm:70 - count is 43836 
INFO  [2015-11-30 19:53:50,897] xof.classification.dbscan.DBScanAlgorithm:95 - {2226=4557} 
INFO  [2015-11-30 19:53:50,899] xof.classification.dbscan.DBScanAlgorithm:95 - {843=3561} 
INFO  [2015-11-30 19:53:50,904] xof.classification.dbscan.DBScanAlgorithm:95 - {13556=2011, 11543=3419, 861=4205, 46=4190} 
INFO  [2015-11-30 19:53:50,906] xof.classification.dbscan.DBScanAlgorithm:95 - {209=4241} 
INFO  [2015-11-30 19:53:50,908] xof.classification.dbscan.DBScanAlgorithm:95 - {2333=4827} 
INFO  [2015-11-30 19:53:50,931] xof.classification.dbscan.DBScanAlgorithm:95 - {74683=5179} 
INFO  [2015-11-30 19:53:50,933] xof.classification.dbscan.DBScanAlgorithm:95 - {2501=3558} 
INFO  [2015-11-30 19:53:50,934] xof.classification.dbscan.DBScanAlgorithm:95 - {93036=4088} 
INFO  [2015-11-30 19:53:50,935] xof.classification.dbscan.DBScanAlgorithm:110 - DBScanAlgorithm: purity is 0.7805456702253856 
INFO  [2015-11-30 19:53:50,935] xof.classification.dbscan.DBScanAlgorithm:111 - DBScanAlgorithm: f_score list is [<2226,1.0>, <843,1.0>, <861,0.466444814198558>, <209,1.0>, <2333,1.0>, <74683,1.0>, <2501,1.0>, <93036,1.0>] 
INFO  [2015-11-30 19:54:18,688] xof.classification.kmeans.KMeansAlgorithm:147 - KMeansAlgorithm: purity is 0.6710922529427867 
INFO  [2015-11-30 19:54:18,693] xof.classification.kmeans.KMeansAlgorithm:148 - KMeansAlgorithm: f_score list is [<13556,1.0>, <11543,0.6502724605281544>, <209,1.0>, <843,1.0>, <46,0.6055763900211969>, <2333,0.2188191881918819>, <74683,0.5450718307635637>, <2333,0.3254119687771032>, <2501,1.0>, <2333,0.2834281650071124>, <2333,0.6822276822276823>] 
INFO  [2015-11-30 20:02:21,476] xof.classification.kmeans.KMeansAlgorithm:147 - KMeansAlgorithm: purity is 0.775047905830824 
INFO  [2015-11-30 20:02:21,481] xof.classification.kmeans.KMeansAlgorithm:148 - KMeansAlgorithm: f_score list is [<2226,0.6903499469777306>, <843,0.5202576355703304>, <13556,1.0>, <11543,0.6502724605281544>, <209,1.0>, <843,0.7867120954003407>, <46,0.6055763900211969>, <2333,0.798207394497697>, <74683,1.0>, <2333,0.5027915632754342>, <2501,1.0>] 
INFO  [2015-11-30 20:04:20,663] xof.classification.dbscan.DBScanAlgorithm:144 - DBScanAlgorithm: upadate 4557 points 
INFO  [2015-11-30 20:04:26,373] xof.classification.dbscan.DBScanAlgorithm:144 - DBScanAlgorithm: upadate 3561 points 
INFO  [2015-11-30 20:05:02,038] xof.classification.dbscan.DBScanAlgorithm:144 - DBScanAlgorithm: upadate 13825 points 
INFO  [2015-11-30 20:05:08,255] xof.classification.dbscan.DBScanAlgorithm:144 - DBScanAlgorithm: upadate 4241 points 
INFO  [2015-11-30 20:05:15,863] xof.classification.dbscan.DBScanAlgorithm:144 - DBScanAlgorithm: upadate 4827 points 
INFO  [2015-11-30 20:05:24,002] xof.classification.dbscan.DBScanAlgorithm:144 - DBScanAlgorithm: upadate 5179 points 
INFO  [2015-11-30 20:05:28,581] xof.classification.dbscan.DBScanAlgorithm:144 - DBScanAlgorithm: upadate 3558 points 
INFO  [2015-11-30 20:05:34,662] xof.classification.dbscan.DBScanAlgorithm:144 - DBScanAlgorithm: upadate 4088 points 
INFO  [2015-11-30 20:05:34,669] xof.classification.dbscan.DBScanAlgorithm:63 - It costs 79474 ms 
INFO  [2015-11-30 20:05:34,673] xof.classification.dbscan.DBScanAlgorithm:70 - count is 43836 
INFO  [2015-11-30 20:05:34,675] xof.classification.dbscan.DBScanAlgorithm:95 - {2226=4557} 
INFO  [2015-11-30 20:05:34,678] xof.classification.dbscan.DBScanAlgorithm:95 - {843=3561} 
INFO  [2015-11-30 20:05:34,683] xof.classification.dbscan.DBScanAlgorithm:95 - {13556=2011, 11543=3419, 861=4205, 46=4190} 
INFO  [2015-11-30 20:05:34,685] xof.classification.dbscan.DBScanAlgorithm:95 - {209=4241} 
INFO  [2015-11-30 20:05:34,687] xof.classification.dbscan.DBScanAlgorithm:95 - {2333=4827} 
INFO  [2015-11-30 20:05:34,694] xof.classification.dbscan.DBScanAlgorithm:95 - {74683=5179} 
INFO  [2015-11-30 20:05:34,696] xof.classification.dbscan.DBScanAlgorithm:95 - {2501=3558} 
INFO  [2015-11-30 20:05:34,697] xof.classification.dbscan.DBScanAlgorithm:95 - {93036=4088} 
INFO  [2015-11-30 20:05:34,698] xof.classification.dbscan.DBScanAlgorithm:110 - DBScanAlgorithm: purity is 0.7805456702253856 
INFO  [2015-11-30 20:05:34,698] xof.classification.dbscan.DBScanAlgorithm:111 - DBScanAlgorithm: f_score list is [<2226,1.0>, <843,1.0>, <861,0.466444814198558>, <209,1.0>, <2333,1.0>, <74683,1.0>, <2501,1.0>, <93036,1.0>] 
INFO  [2015-11-30 20:25:42,309] xof.classification.kmeans.KMeansAlgorithm:147 - KMeansAlgorithm: purity is 0.775047905830824 
INFO  [2015-11-30 20:25:42,336] xof.classification.kmeans.KMeansAlgorithm:148 - KMeansAlgorithm: f_score list is [<2226,0.6903499469777306>, <843,0.5202576355703304>, <13556,1.0>, <11543,0.6502724605281544>, <209,1.0>, <843,0.7867120954003407>, <46,0.6055763900211969>, <2333,0.798207394497697>, <74683,1.0>, <2333,0.5027915632754342>, <2501,1.0>] 
INFO  [2015-11-30 20:26:03,525] xof.classification.kmeans.KMeansAlgorithm:147 - KMeansAlgorithm: purity is 0.6710922529427867 
INFO  [2015-11-30 20:26:03,537] xof.classification.kmeans.KMeansAlgorithm:148 - KMeansAlgorithm: f_score list is [<843,0.5202576355703304>, <13556,1.0>, <11543,0.6502724605281544>, <209,1.0>, <843,0.7867120954003407>, <46,0.6055763900211969>, <2333,0.45313251081557443>, <74683,0.5450718307635637>, <2333,0.3024441709161245>, <2501,1.0>, <2333,0.691869918699187>] 
INFO  [2015-11-30 20:26:12,840] xof.classification.kmeans.KMeansAlgorithm:147 - KMeansAlgorithm: purity is 0.6710922529427867 
INFO  [2015-11-30 20:26:12,845] xof.classification.kmeans.KMeansAlgorithm:148 - KMeansAlgorithm: f_score list is [<11543,0.6502724605281544>, <209,1.0>, <843,1.0>, <46,0.6055763900211969>, <2333,0.2188191881918819>, <74683,0.5450718307635637>, <2333,0.3254119687771032>, <2501,1.0>, <2333,0.2834281650071124>, <2333,0.6822276822276823>, <13556,1.0>] 
INFO  [2015-11-30 20:26:28,374] xof.classification.kmeans.KMeansAlgorithm:147 - KMeansAlgorithm: purity is 0.6710922529427867 
INFO  [2015-11-30 20:26:28,386] xof.classification.kmeans.KMeansAlgorithm:148 - KMeansAlgorithm: f_score list is [<13556,1.0>, <11543,0.6502724605281544>, <209,1.0>, <843,1.0>, <46,0.6055763900211969>, <2333,0.2188191881918819>, <74683,0.5450718307635637>, <2333,0.3254119687771032>, <2501,1.0>, <2333,0.2834281650071124>, <2333,0.6822276822276823>] 
INFO  [2015-11-30 20:26:43,257] xof.classification.kmeans.KMeansAlgorithm:147 - KMeansAlgorithm: purity is 0.775047905830824 
INFO  [2015-11-30 20:26:43,268] xof.classification.kmeans.KMeansAlgorithm:148 - KMeansAlgorithm: f_score list is [<2226,0.6903499469777306>, <843,0.5202576355703304>, <13556,1.0>, <11543,0.6502724605281544>, <209,1.0>, <843,0.7867120954003407>, <46,0.6055763900211969>, <2333,0.798207394497697>, <74683,1.0>, <2333,0.5027915632754342>, <2501,1.0>] 
INFO  [2015-11-30 20:55:12,653] xof.classification.kmeans.KMeansAlgorithm:147 - KMeansAlgorithm: purity is 0.775047905830824 
INFO  [2015-11-30 20:55:12,651] xof.classification.kmeans.KMeansAlgorithm:147 - KMeansAlgorithm: purity is 0.7331645223104298 
INFO  [2015-11-30 20:55:12,682] xof.classification.kmeans.KMeansAlgorithm:148 - KMeansAlgorithm: f_score list is [<2226,0.6903499469777306>, <843,0.5202576355703304>, <2501,1.0>, <13556,1.0>, <209,1.0>, <843,0.7867120954003407>, <861,0.5250015606467321>, <2333,0.798207394497697>, <74683,1.0>, <2333,0.5027915632754342>] 
INFO  [2015-11-30 20:55:12,683] xof.classification.kmeans.KMeansAlgorithm:147 - KMeansAlgorithm: purity is 0.775047905830824 
INFO  [2015-11-30 20:55:12,714] xof.classification.kmeans.KMeansAlgorithm:148 - KMeansAlgorithm: f_score list is [<2226,0.6903499469777306>, <843,0.5202576355703304>, <13556,1.0>, <11543,0.6502724605281544>, <209,1.0>, <843,0.7867120954003407>, <46,0.6055763900211969>, <2333,0.798207394497697>, <74683,1.0>, <2333,0.5027915632754342>, <2501,1.0>] 
INFO  [2015-11-30 20:55:12,680] xof.classification.kmeans.KMeansAlgorithm:148 - KMeansAlgorithm: f_score list is [<2226,0.6903499469777306>, <843,0.5202576355703304>, <13556,1.0>, <11543,0.6502724605281544>, <209,1.0>, <843,0.7867120954003407>, <46,0.6055763900211969>, <2333,0.45313251081557443>, <74683,1.0>, <2333,0.3024441709161245>, <2501,1.0>, <2333,0.691869918699187>] 
INFO  [2015-11-30 20:55:12,761] xof.classification.kmeans.KMeansAlgorithm:147 - KMeansAlgorithm: purity is 0.775047905830824 
INFO  [2015-11-30 20:55:12,767] xof.classification.kmeans.KMeansAlgorithm:148 - KMeansAlgorithm: f_score list is [<2226,0.6903499469777306>, <843,0.5202576355703304>, <13556,1.0>, <11543,0.6502724605281544>, <209,1.0>, <843,0.7867120954003407>, <46,0.6055763900211969>, <2333,0.2188191881918819>, <74683,1.0>, <2333,0.3254119687771032>, <2501,1.0>, <2333,0.2834281650071124>, <2333,0.6822276822276823>] 
INFO  [2015-11-30 20:55:12,783] xof.classification.kmeans.KMeansAlgorithm:147 - KMeansAlgorithm: purity is 0.7812300392371567 
INFO  [2015-11-30 20:55:12,786] xof.classification.kmeans.KMeansAlgorithm:148 - KMeansAlgorithm: f_score list is [<2226,0.6903499469777306>, <843,0.5202576355703304>, <46,0.6148378498445135>, <11543,0.49907510173880865>, <209,1.0>, <843,0.7867120954003407>, <11543,0.48632907296553957>, <2333,0.2188191881918819>, <74683,1.0>, <2333,0.3254119687771032>, <2501,1.0>, <2333,0.2834281650071124>, <2333,0.6822276822276823>, <13556,1.0>] 
INFO  [2015-11-30 20:57:26,927] xof.classification.kmeans.KMeansAlgorithm:147 - KMeansAlgorithm: purity is 0.7331645223104298 
INFO  [2015-11-30 20:57:26,925] xof.classification.kmeans.KMeansAlgorithm:147 - KMeansAlgorithm: purity is 0.775047905830824 
INFO  [2015-11-30 20:57:26,936] xof.classification.kmeans.KMeansAlgorithm:148 - KMeansAlgorithm: f_score list is [<2226,0.6903499469777306>, <843,0.5202576355703304>, <13556,1.0>, <11543,0.6502724605281544>, <209,1.0>, <843,0.7867120954003407>, <46,0.6055763900211969>, <2333,0.798207394497697>, <74683,1.0>, <2333,0.5027915632754342>, <2501,1.0>] 
INFO  [2015-11-30 20:57:26,943] xof.classification.kmeans.KMeansAlgorithm:147 - KMeansAlgorithm: purity is 0.775047905830824 
INFO  [2015-11-30 20:57:26,970] xof.classification.kmeans.KMeansAlgorithm:148 - KMeansAlgorithm: f_score list is [<2226,0.6903499469777306>, <843,0.5202576355703304>, <13556,1.0>, <11543,0.6502724605281544>, <209,1.0>, <843,0.7867120954003407>, <46,0.6055763900211969>, <2333,0.45313251081557443>, <74683,1.0>, <2333,0.3024441709161245>, <2501,1.0>, <2333,0.691869918699187>] 
INFO  [2015-11-30 20:57:26,932] xof.classification.kmeans.KMeansAlgorithm:148 - KMeansAlgorithm: f_score list is [<2226,0.6903499469777306>, <843,0.5202576355703304>, <2501,1.0>, <13556,1.0>, <209,1.0>, <843,0.7867120954003407>, <861,0.5250015606467321>, <2333,0.798207394497697>, <74683,1.0>, <2333,0.5027915632754342>] 
INFO  [2015-11-30 20:57:27,079] xof.classification.kmeans.KMeansAlgorithm:147 - KMeansAlgorithm: purity is 0.775047905830824 
INFO  [2015-11-30 20:57:27,081] xof.classification.kmeans.KMeansAlgorithm:147 - KMeansAlgorithm: purity is 0.7812300392371567 
INFO  [2015-11-30 20:57:27,088] xof.classification.kmeans.KMeansAlgorithm:148 - KMeansAlgorithm: f_score list is [<2226,0.6903499469777306>, <843,0.5202576355703304>, <46,0.6148378498445135>, <11543,0.49907510173880865>, <209,1.0>, <843,0.7867120954003407>, <11543,0.48632907296553957>, <2333,0.2188191881918819>, <74683,1.0>, <2333,0.3254119687771032>, <2501,1.0>, <2333,0.2834281650071124>, <2333,0.6822276822276823>, <13556,1.0>] 
INFO  [2015-11-30 20:57:27,103] xof.classification.kmeans.KMeansAlgorithm:148 - KMeansAlgorithm: f_score list is [<2226,0.6903499469777306>, <843,0.5202576355703304>, <13556,1.0>, <11543,0.6502724605281544>, <209,1.0>, <843,0.7867120954003407>, <46,0.6055763900211969>, <2333,0.2188191881918819>, <74683,1.0>, <2333,0.3254119687771032>, <2501,1.0>, <2333,0.2834281650071124>, <2333,0.6822276822276823>] 
INFO  [2015-11-30 20:57:59,373] xof.classification.kmeans.KMeansAlgorithm:147 - KMeansAlgorithm: purity is 0.775047905830824 
INFO  [2015-11-30 20:57:59,382] xof.classification.kmeans.KMeansAlgorithm:148 - KMeansAlgorithm: f_score list is [<2226,0.6903499469777306>, <843,0.5202576355703304>, <13556,1.0>, <11543,0.6502724605281544>, <209,1.0>, <843,0.7867120954003407>, <46,0.6055763900211969>, <2333,0.45313251081557443>, <74683,1.0>, <2333,0.3024441709161245>, <2501,1.0>, <2333,0.691869918699187>] 
INFO  [2015-11-30 20:57:59,394] xof.classification.kmeans.KMeansAlgorithm:147 - KMeansAlgorithm: purity is 0.7331645223104298 
INFO  [2015-11-30 20:57:59,401] xof.classification.kmeans.KMeansAlgorithm:147 - KMeansAlgorithm: purity is 0.775047905830824 
INFO  [2015-11-30 20:57:59,421] xof.classification.kmeans.KMeansAlgorithm:148 - KMeansAlgorithm: f_score list is [<2226,0.6903499469777306>, <843,0.5202576355703304>, <2501,1.0>, <13556,1.0>, <209,1.0>, <843,0.7867120954003407>, <861,0.5250015606467321>, <2333,0.798207394497697>, <74683,1.0>, <2333,0.5027915632754342>] 
INFO  [2015-11-30 20:57:59,422] xof.classification.kmeans.KMeansAlgorithm:148 - KMeansAlgorithm: f_score list is [<2226,0.6903499469777306>, <843,0.5202576355703304>, <13556,1.0>, <11543,0.6502724605281544>, <209,1.0>, <843,0.7867120954003407>, <46,0.6055763900211969>, <2333,0.798207394497697>, <74683,1.0>, <2333,0.5027915632754342>, <2501,1.0>] 
INFO  [2015-11-30 20:57:59,555] xof.classification.kmeans.KMeansAlgorithm:147 - KMeansAlgorithm: purity is 0.7812300392371567 
INFO  [2015-11-30 20:57:59,579] xof.classification.kmeans.KMeansAlgorithm:147 - KMeansAlgorithm: purity is 0.775047905830824 
INFO  [2015-11-30 20:57:59,581] xof.classification.kmeans.KMeansAlgorithm:148 - KMeansAlgorithm: f_score list is [<2226,0.6903499469777306>, <843,0.5202576355703304>, <13556,1.0>, <11543,0.6502724605281544>, <209,1.0>, <843,0.7867120954003407>, <46,0.6055763900211969>, <2333,0.2188191881918819>, <74683,1.0>, <2333,0.3254119687771032>, <2501,1.0>, <2333,0.2834281650071124>, <2333,0.6822276822276823>] 
INFO  [2015-11-30 20:57:59,582] xof.classification.kmeans.KMeansAlgorithm:148 - KMeansAlgorithm: f_score list is [<2226,0.6903499469777306>, <843,0.5202576355703304>, <46,0.6148378498445135>, <11543,0.49907510173880865>, <209,1.0>, <843,0.7867120954003407>, <11543,0.48632907296553957>, <2333,0.2188191881918819>, <74683,1.0>, <2333,0.3254119687771032>, <2501,1.0>, <2333,0.2834281650071124>, <2333,0.6822276822276823>, <13556,1.0>] 
INFO  [2015-11-30 20:59:05,718] xof.classification.kmeans.KMeansAlgorithm:147 - KMeansAlgorithm: purity is 0.775047905830824 
INFO  [2015-11-30 20:59:05,725] xof.classification.kmeans.KMeansAlgorithm:147 - KMeansAlgorithm: purity is 0.7331645223104298 
INFO  [2015-11-30 20:59:05,718] xof.classification.kmeans.KMeansAlgorithm:147 - KMeansAlgorithm: purity is 0.775047905830824 
INFO  [2015-11-30 20:59:05,729] xof.classification.kmeans.KMeansAlgorithm:148 - KMeansAlgorithm: f_score list is [<2226,0.6903499469777306>, <843,0.5202576355703304>, <13556,1.0>, <11543,0.6502724605281544>, <209,1.0>, <843,0.7867120954003407>, <46,0.6055763900211969>, <2333,0.798207394497697>, <74683,1.0>, <2333,0.5027915632754342>, <2501,1.0>] 
INFO  [2015-11-30 20:59:05,730] xof.classification.kmeans.KMeansAlgorithm:148 - KMeansAlgorithm: f_score list is [<2226,0.6903499469777306>, <843,0.5202576355703304>, <2501,1.0>, <13556,1.0>, <209,1.0>, <843,0.7867120954003407>, <861,0.5250015606467321>, <2333,0.798207394497697>, <74683,1.0>, <2333,0.5027915632754342>] 
INFO  [2015-11-30 20:59:05,730] xof.classification.kmeans.KMeansAlgorithm:148 - KMeansAlgorithm: f_score list is [<2226,0.6903499469777306>, <843,0.5202576355703304>, <13556,1.0>, <11543,0.6502724605281544>, <209,1.0>, <843,0.7867120954003407>, <46,0.6055763900211969>, <2333,0.45313251081557443>, <74683,1.0>, <2333,0.3024441709161245>, <2501,1.0>, <2333,0.691869918699187>] 
INFO  [2015-11-30 20:59:05,827] xof.classification.kmeans.KMeansAlgorithm:147 - KMeansAlgorithm: purity is 0.7812300392371567 
INFO  [2015-11-30 20:59:05,822] xof.classification.kmeans.KMeansAlgorithm:147 - KMeansAlgorithm: purity is 0.775047905830824 
INFO  [2015-11-30 20:59:05,832] xof.classification.kmeans.KMeansAlgorithm:148 - KMeansAlgorithm: f_score list is [<2226,0.6903499469777306>, <843,0.5202576355703304>, <46,0.6148378498445135>, <11543,0.49907510173880865>, <209,1.0>, <843,0.7867120954003407>, <11543,0.48632907296553957>, <2333,0.2188191881918819>, <74683,1.0>, <2333,0.3254119687771032>, <2501,1.0>, <2333,0.2834281650071124>, <2333,0.6822276822276823>, <13556,1.0>] 
INFO  [2015-11-30 20:59:05,833] xof.classification.kmeans.KMeansAlgorithm:148 - KMeansAlgorithm: f_score list is [<2226,0.6903499469777306>, <843,0.5202576355703304>, <13556,1.0>, <11543,0.6502724605281544>, <209,1.0>, <843,0.7867120954003407>, <46,0.6055763900211969>, <2333,0.2188191881918819>, <74683,1.0>, <2333,0.3254119687771032>, <2501,1.0>, <2333,0.2834281650071124>, <2333,0.6822276822276823>] 
INFO  [2015-11-30 20:59:51,113] xof.classification.kmeans.KMeansAlgorithm:147 - KMeansAlgorithm: purity is 0.7331645223104298 
INFO  [2015-11-30 20:59:51,163] xof.classification.kmeans.KMeansAlgorithm:148 - KMeansAlgorithm: f_score list is [<2226,0.6903499469777306>, <843,0.5202576355703304>, <2501,1.0>, <13556,1.0>, <209,1.0>, <843,0.7867120954003407>, <861,0.5250015606467321>, <2333,0.798207394497697>, <74683,1.0>, <2333,0.5027915632754342>] 
INFO  [2015-11-30 20:59:51,180] xof.classification.kmeans.KMeansAlgorithm:147 - KMeansAlgorithm: purity is 0.775047905830824 
INFO  [2015-11-30 20:59:51,201] xof.classification.kmeans.KMeansAlgorithm:148 - KMeansAlgorithm: f_score list is [<2226,0.6903499469777306>, <843,0.5202576355703304>, <13556,1.0>, <11543,0.6502724605281544>, <209,1.0>, <843,0.7867120954003407>, <46,0.6055763900211969>, <2333,0.798207394497697>, <74683,1.0>, <2333,0.5027915632754342>, <2501,1.0>] 
INFO  [2015-11-30 20:59:51,288] xof.classification.kmeans.KMeansAlgorithm:147 - KMeansAlgorithm: purity is 0.775047905830824 
INFO  [2015-11-30 20:59:51,291] xof.classification.kmeans.KMeansAlgorithm:148 - KMeansAlgorithm: f_score list is [<2226,0.6903499469777306>, <843,0.5202576355703304>, <13556,1.0>, <11543,0.6502724605281544>, <209,1.0>, <843,0.7867120954003407>, <46,0.6055763900211969>, <2333,0.2188191881918819>, <74683,1.0>, <2333,0.3254119687771032>, <2501,1.0>, <2333,0.2834281650071124>, <2333,0.6822276822276823>] 
INFO  [2015-11-30 20:59:51,338] xof.classification.kmeans.KMeansAlgorithm:147 - KMeansAlgorithm: purity is 0.7787663107947805 
INFO  [2015-11-30 20:59:51,352] xof.classification.kmeans.KMeansAlgorithm:148 - KMeansAlgorithm: f_score list is [<2226,0.6903499469777306>, <843,0.5202576355703304>, <46,0.5966225467822912>, <11543,0.45045393084798147>, <209,1.0>, <843,0.7867120954003407>, <11543,0.49951219512195116>, <2333,0.2188191881918819>, <74683,1.0>, <2333,0.3254119687771032>, <2501,1.0>, <2333,0.2834281650071124>, <2333,0.6822276822276823>, <13556,1.0>, <46,0.09852631578947367>] 
INFO  [2015-11-30 20:59:51,387] xof.classification.kmeans.KMeansAlgorithm:147 - KMeansAlgorithm: purity is 0.8720229947987955 
INFO  [2015-11-30 20:59:51,388] xof.classification.kmeans.KMeansAlgorithm:148 - KMeansAlgorithm: f_score list is [<2226,1.0>, <843,0.5202576355703304>, <46,0.5966225467822912>, <11543,0.45045393084798147>, <209,1.0>, <843,0.7867120954003407>, <11543,0.49951219512195116>, <2333,0.2188191881918819>, <74683,0.8012961462793659>, <2333,0.3254119687771032>, <2501,1.0>, <2333,0.2834281650071124>, <2333,0.6822276822276823>, <13556,1.0>, <46,0.09852631578947367>, <74683,0.49796983758700697>, <93036,1.0>] 
INFO  [2015-11-30 21:00:45,407] xof.classification.kmeans.KMeansAlgorithm:147 - KMeansAlgorithm: purity is 0.6292088694223925 
INFO  [2015-11-30 21:00:45,415] xof.classification.kmeans.KMeansAlgorithm:148 - KMeansAlgorithm: f_score list is [<74683,0.5450718307635637>, <843,0.5202576355703304>, <2501,1.0>, <13556,1.0>, <209,1.0>, <843,0.7867120954003407>, <861,0.5250015606467321>, <2333,1.0>] 
INFO  [2015-11-30 21:00:45,449] xof.classification.kmeans.KMeansAlgorithm:147 - KMeansAlgorithm: purity is 0.775047905830824 
INFO  [2015-11-30 21:00:45,469] xof.classification.kmeans.KMeansAlgorithm:148 - KMeansAlgorithm: f_score list is [<2226,0.6903499469777306>, <843,0.5202576355703304>, <13556,1.0>, <11543,0.6502724605281544>, <209,1.0>, <843,0.7867120954003407>, <46,0.6055763900211969>, <2333,0.798207394497697>, <74683,1.0>, <2333,0.5027915632754342>, <2501,1.0>] 
INFO  [2015-11-30 21:00:45,607] xof.classification.kmeans.KMeansAlgorithm:147 - KMeansAlgorithm: purity is 0.7812300392371567 
INFO  [2015-11-30 21:00:45,610] xof.classification.kmeans.KMeansAlgorithm:148 - KMeansAlgorithm: f_score list is [<2226,0.6903499469777306>, <843,0.5202576355703304>, <46,0.6148378498445135>, <11543,0.49907510173880865>, <209,1.0>, <843,0.7867120954003407>, <11543,0.48632907296553957>, <2333,0.2188191881918819>, <74683,1.0>, <2333,0.3254119687771032>, <2501,1.0>, <2333,0.2834281650071124>, <2333,0.6822276822276823>, <13556,1.0>] 
INFO  [2015-11-30 21:00:45,667] xof.classification.kmeans.KMeansAlgorithm:147 - KMeansAlgorithm: purity is 0.8720229947987955 
INFO  [2015-11-30 21:00:45,675] xof.classification.kmeans.KMeansAlgorithm:148 - KMeansAlgorithm: f_score list is [<2226,1.0>, <843,0.5202576355703304>, <46,0.5966225467822912>, <11543,0.45045393084798147>, <209,1.0>, <843,0.7867120954003407>, <11543,0.49951219512195116>, <2333,0.2188191881918819>, <74683,0.8012961462793659>, <2333,0.3254119687771032>, <2501,1.0>, <2333,0.2834281650071124>, <2333,0.6822276822276823>, <13556,1.0>, <46,0.09852631578947367>, <74683,0.49796983758700697>, <93036,1.0>] 
INFO  [2015-11-30 21:00:46,001] xof.classification.kmeans.KMeansAlgorithm:147 - KMeansAlgorithm: purity is 0.8899534629071996 
INFO  [2015-11-30 21:00:46,002] xof.classification.kmeans.KMeansAlgorithm:148 - KMeansAlgorithm: f_score list is [<2226,1.0>, <843,0.4395267309377739>, <861,0.295539033457249>, <11543,0.4199004975124378>, <209,1.0>, <843,0.6382409177820267>, <861,0.19710569701410516>, <2333,0.2188191881918819>, <74683,0.8012961462793659>, <2333,0.3254119687771032>, <2501,1.0>, <2333,0.2834281650071124>, <2333,0.6822276822276823>, <13556,1.0>, <46,0.09863013698630137>, <74683,0.49796983758700697>, <93036,1.0>, <11543,0.522061549870226>, <46,0.6271850831655895>, <843,0.3995505617977528>] 
INFO  [2015-11-30 21:03:17,401] xof.classification.kmeans.KMeansAlgorithm:147 - KMeansAlgorithm: purity is 0.6292088694223925 
INFO  [2015-11-30 21:03:17,408] xof.classification.kmeans.KMeansAlgorithm:148 - KMeansAlgorithm: f_score list is [<74683,0.5450718307635637>, <843,0.5202576355703304>, <2501,1.0>, <13556,1.0>, <209,1.0>, <843,0.7867120954003407>, <861,0.5250015606467321>, <2333,1.0>] 
INFO  [2015-11-30 21:03:17,447] xof.classification.kmeans.KMeansAlgorithm:147 - KMeansAlgorithm: purity is 0.775047905830824 
INFO  [2015-11-30 21:03:17,464] xof.classification.kmeans.KMeansAlgorithm:148 - KMeansAlgorithm: f_score list is [<2226,0.6903499469777306>, <843,0.5202576355703304>, <13556,1.0>, <11543,0.6502724605281544>, <209,1.0>, <843,0.7867120954003407>, <46,0.6055763900211969>, <2333,0.798207394497697>, <74683,1.0>, <2333,0.5027915632754342>, <2501,1.0>] 
INFO  [2015-11-30 21:03:17,606] xof.classification.kmeans.KMeansAlgorithm:147 - KMeansAlgorithm: purity is 0.7812300392371567 
INFO  [2015-11-30 21:03:17,607] xof.classification.kmeans.KMeansAlgorithm:148 - KMeansAlgorithm: f_score list is [<2226,0.6903499469777306>, <843,0.5202576355703304>, <46,0.6148378498445135>, <11543,0.49907510173880865>, <209,1.0>, <843,0.7867120954003407>, <11543,0.48632907296553957>, <2333,0.2188191881918819>, <74683,1.0>, <2333,0.3254119687771032>, <2501,1.0>, <2333,0.2834281650071124>, <2333,0.6822276822276823>, <13556,1.0>] 
INFO  [2015-11-30 21:03:17,645] xof.classification.kmeans.KMeansAlgorithm:147 - KMeansAlgorithm: purity is 0.8720229947987955 
INFO  [2015-11-30 21:03:17,654] xof.classification.kmeans.KMeansAlgorithm:148 - KMeansAlgorithm: f_score list is [<2226,1.0>, <843,0.5202576355703304>, <46,0.5966225467822912>, <11543,0.45045393084798147>, <209,1.0>, <843,0.7867120954003407>, <11543,0.49951219512195116>, <2333,0.2188191881918819>, <74683,0.8012961462793659>, <2333,0.3254119687771032>, <2501,1.0>, <2333,0.2834281650071124>, <2333,0.6822276822276823>, <13556,1.0>, <46,0.09852631578947367>, <74683,0.49796983758700697>, <93036,1.0>] 
INFO  [2015-11-30 21:03:17,972] xof.classification.kmeans.KMeansAlgorithm:147 - KMeansAlgorithm: purity is 0.8899534629071996 
INFO  [2015-11-30 21:03:17,972] xof.classification.kmeans.KMeansAlgorithm:148 - KMeansAlgorithm: f_score list is [<2226,1.0>, <843,0.4395267309377739>, <861,0.295539033457249>, <11543,0.4199004975124378>, <209,1.0>, <843,0.6382409177820267>, <861,0.19710569701410516>, <2333,0.2188191881918819>, <74683,0.8012961462793659>, <2333,0.3254119687771032>, <2501,1.0>, <2333,0.2834281650071124>, <2333,0.6822276822276823>, <13556,1.0>, <46,0.09863013698630137>, <74683,0.49796983758700697>, <93036,1.0>, <11543,0.522061549870226>, <46,0.6271850831655895>, <843,0.3995505617977528>] 
INFO  [2015-11-30 21:10:25,958] xof.classification.kmeans.KMeansAlgorithm:147 - KMeansAlgorithm: purity is 0.6292088694223925 
INFO  [2015-11-30 21:10:25,983] xof.classification.kmeans.KMeansAlgorithm:148 - KMeansAlgorithm: f_score list is [<74683,0.5450718307635637>, <843,0.5202576355703304>, <2501,1.0>, <13556,1.0>, <209,1.0>, <843,0.7867120954003407>, <861,0.5250015606467321>, <2333,1.0>] 
INFO  [2015-11-30 21:10:26,026] xof.classification.kmeans.KMeansAlgorithm:147 - KMeansAlgorithm: purity is 0.775047905830824 
INFO  [2015-11-30 21:10:26,035] xof.classification.kmeans.KMeansAlgorithm:148 - KMeansAlgorithm: f_score list is [<2226,0.6903499469777306>, <843,0.5202576355703304>, <13556,1.0>, <11543,0.6502724605281544>, <209,1.0>, <843,0.7867120954003407>, <46,0.6055763900211969>, <2333,0.798207394497697>, <74683,1.0>, <2333,0.5027915632754342>, <2501,1.0>] 
INFO  [2015-11-30 21:10:26,191] xof.classification.kmeans.KMeansAlgorithm:147 - KMeansAlgorithm: purity is 0.7812300392371567 
INFO  [2015-11-30 21:10:26,195] xof.classification.kmeans.KMeansAlgorithm:148 - KMeansAlgorithm: f_score list is [<2226,0.6903499469777306>, <843,0.5202576355703304>, <46,0.6148378498445135>, <11543,0.49907510173880865>, <209,1.0>, <843,0.7867120954003407>, <11543,0.48632907296553957>, <2333,0.2188191881918819>, <74683,1.0>, <2333,0.3254119687771032>, <2501,1.0>, <2333,0.2834281650071124>, <2333,0.6822276822276823>, <13556,1.0>] 
INFO  [2015-11-30 21:10:26,257] xof.classification.kmeans.KMeansAlgorithm:147 - KMeansAlgorithm: purity is 0.8720229947987955 
INFO  [2015-11-30 21:10:26,274] xof.classification.kmeans.KMeansAlgorithm:148 - KMeansAlgorithm: f_score list is [<2226,1.0>, <843,0.5202576355703304>, <46,0.5966225467822912>, <11543,0.45045393084798147>, <209,1.0>, <843,0.7867120954003407>, <11543,0.49951219512195116>, <2333,0.2188191881918819>, <74683,0.8012961462793659>, <2333,0.3254119687771032>, <2501,1.0>, <2333,0.2834281650071124>, <2333,0.6822276822276823>, <13556,1.0>, <46,0.09852631578947367>, <74683,0.49796983758700697>, <93036,1.0>] 
INFO  [2015-11-30 21:10:26,560] xof.classification.kmeans.KMeansAlgorithm:147 - KMeansAlgorithm: purity is 0.8899534629071996 
INFO  [2015-11-30 21:10:26,560] xof.classification.kmeans.KMeansAlgorithm:148 - KMeansAlgorithm: f_score list is [<2226,1.0>, <843,0.4395267309377739>, <861,0.295539033457249>, <11543,0.4199004975124378>, <209,1.0>, <843,0.6382409177820267>, <861,0.19710569701410516>, <2333,0.2188191881918819>, <74683,0.8012961462793659>, <2333,0.3254119687771032>, <2501,1.0>, <2333,0.2834281650071124>, <2333,0.6822276822276823>, <13556,1.0>, <46,0.09863013698630137>, <74683,0.49796983758700697>, <93036,1.0>, <11543,0.522061549870226>, <46,0.6271850831655895>, <843,0.3995505617977528>] 
INFO  [2015-11-30 21:14:18,040] xof.classification.kmeans.KMeansAlgorithm:147 - KMeansAlgorithm: purity is 0.6292088694223925 
INFO  [2015-11-30 21:14:18,085] xof.classification.kmeans.KMeansAlgorithm:148 - KMeansAlgorithm: f_score list is [<74683,0.5450718307635637>, <843,0.5202576355703304>, <2501,1.0>, <13556,1.0>, <209,1.0>, <843,0.7867120954003407>, <861,0.5250015606467321>, <2333,1.0>] 
INFO  [2015-11-30 21:14:18,085] xof.classification.kmeans.KMeansAlgorithm:147 - KMeansAlgorithm: purity is 0.775047905830824 
INFO  [2015-11-30 21:14:18,124] xof.classification.kmeans.KMeansAlgorithm:148 - KMeansAlgorithm: f_score list is [<2226,0.6903499469777306>, <843,0.5202576355703304>, <13556,1.0>, <11543,0.6502724605281544>, <209,1.0>, <843,0.7867120954003407>, <46,0.6055763900211969>, <2333,0.798207394497697>, <74683,1.0>, <2333,0.5027915632754342>, <2501,1.0>] 
INFO  [2015-11-30 21:14:18,315] xof.classification.kmeans.KMeansAlgorithm:147 - KMeansAlgorithm: purity is 0.7812300392371567 
INFO  [2015-11-30 21:14:18,316] xof.classification.kmeans.KMeansAlgorithm:148 - KMeansAlgorithm: f_score list is [<2226,0.6903499469777306>, <843,0.5202576355703304>, <46,0.6148378498445135>, <11543,0.49907510173880865>, <209,1.0>, <843,0.7867120954003407>, <11543,0.48632907296553957>, <2333,0.2188191881918819>, <74683,1.0>, <2333,0.3254119687771032>, <2501,1.0>, <2333,0.2834281650071124>, <2333,0.6822276822276823>, <13556,1.0>] 
INFO  [2015-11-30 21:14:18,434] xof.classification.kmeans.KMeansAlgorithm:147 - KMeansAlgorithm: purity is 0.8720229947987955 
INFO  [2015-11-30 21:14:18,449] xof.classification.kmeans.KMeansAlgorithm:148 - KMeansAlgorithm: f_score list is [<2226,1.0>, <843,0.5202576355703304>, <46,0.5966225467822912>, <11543,0.45045393084798147>, <209,1.0>, <843,0.7867120954003407>, <11543,0.49951219512195116>, <2333,0.2188191881918819>, <74683,0.8012961462793659>, <2333,0.3254119687771032>, <2501,1.0>, <2333,0.2834281650071124>, <2333,0.6822276822276823>, <13556,1.0>, <46,0.09852631578947367>, <74683,0.49796983758700697>, <93036,1.0>] 
INFO  [2015-11-30 21:14:18,717] xof.classification.kmeans.KMeansAlgorithm:147 - KMeansAlgorithm: purity is 0.8899534629071996 
INFO  [2015-11-30 21:14:18,717] xof.classification.kmeans.KMeansAlgorithm:148 - KMeansAlgorithm: f_score list is [<2226,1.0>, <843,0.4395267309377739>, <861,0.295539033457249>, <11543,0.4199004975124378>, <209,1.0>, <843,0.6382409177820267>, <861,0.19710569701410516>, <2333,0.2188191881918819>, <74683,0.8012961462793659>, <2333,0.3254119687771032>, <2501,1.0>, <2333,0.2834281650071124>, <2333,0.6822276822276823>, <13556,1.0>, <46,0.09863013698630137>, <74683,0.49796983758700697>, <93036,1.0>, <11543,0.522061549870226>, <46,0.6271850831655895>, <843,0.3995505617977528>] 
INFO  [2015-11-30 22:03:37,153] xof.classification.dbscan.DBScanAlgorithm:144 - DBScanAlgorithm: upadate 4557 points 
INFO  [2015-11-30 22:03:37,313] xof.classification.dbscan.DBScanAlgorithm:144 - DBScanAlgorithm: upadate 4557 points 
INFO  [2015-11-30 22:03:37,631] xof.classification.dbscan.DBScanAlgorithm:144 - DBScanAlgorithm: upadate 4557 points 
INFO  [2015-11-30 22:03:46,040] xof.classification.dbscan.DBScanAlgorithm:144 - DBScanAlgorithm: upadate 3561 points 
INFO  [2015-11-30 22:03:46,484] xof.classification.dbscan.DBScanAlgorithm:144 - DBScanAlgorithm: upadate 3561 points 
INFO  [2015-11-30 22:03:46,531] xof.classification.dbscan.DBScanAlgorithm:144 - DBScanAlgorithm: upadate 3561 points 
INFO  [2015-11-30 22:04:42,226] xof.classification.dbscan.DBScanAlgorithm:144 - DBScanAlgorithm: upadate 11814 points 
INFO  [2015-11-30 22:04:44,074] xof.classification.dbscan.DBScanAlgorithm:144 - DBScanAlgorithm: upadate 11814 points 
INFO  [2015-11-30 22:04:45,796] xof.classification.dbscan.DBScanAlgorithm:144 - DBScanAlgorithm: upadate 11814 points 
INFO  [2015-11-30 22:04:54,245] xof.classification.dbscan.DBScanAlgorithm:144 - DBScanAlgorithm: upadate 4241 points 
INFO  [2015-11-30 22:04:55,743] xof.classification.dbscan.DBScanAlgorithm:144 - DBScanAlgorithm: upadate 4241 points 
INFO  [2015-11-30 22:04:57,765] xof.classification.dbscan.DBScanAlgorithm:144 - DBScanAlgorithm: upadate 4241 points 
INFO  [2015-11-30 22:05:07,429] xof.classification.dbscan.DBScanAlgorithm:144 - DBScanAlgorithm: upadate 4827 points 
INFO  [2015-11-30 22:05:09,211] xof.classification.dbscan.DBScanAlgorithm:144 - DBScanAlgorithm: upadate 4827 points 
INFO  [2015-11-30 22:05:12,089] xof.classification.dbscan.DBScanAlgorithm:144 - DBScanAlgorithm: upadate 4827 points 
INFO  [2015-11-30 22:05:22,987] xof.classification.dbscan.DBScanAlgorithm:144 - DBScanAlgorithm: upadate 5179 points 
INFO  [2015-11-30 22:05:24,714] xof.classification.dbscan.DBScanAlgorithm:144 - DBScanAlgorithm: upadate 5179 points 
INFO  [2015-11-30 22:05:28,042] xof.classification.dbscan.DBScanAlgorithm:144 - DBScanAlgorithm: upadate 5179 points 
INFO  [2015-11-30 22:05:31,528] xof.classification.dbscan.DBScanAlgorithm:144 - DBScanAlgorithm: upadate 3558 points 
INFO  [2015-11-30 22:05:33,062] xof.classification.dbscan.DBScanAlgorithm:144 - DBScanAlgorithm: upadate 3558 points 
INFO  [2015-11-30 22:05:35,322] xof.classification.dbscan.DBScanAlgorithm:144 - DBScanAlgorithm: upadate 2011 points 
INFO  [2015-11-30 22:05:36,942] xof.classification.dbscan.DBScanAlgorithm:144 - DBScanAlgorithm: upadate 2011 points 
INFO  [2015-11-30 22:05:37,048] xof.classification.dbscan.DBScanAlgorithm:144 - DBScanAlgorithm: upadate 3558 points 
INFO  [2015-11-30 22:05:41,255] xof.classification.dbscan.DBScanAlgorithm:144 - DBScanAlgorithm: upadate 2011 points 
INFO  [2015-11-30 22:05:45,690] xof.classification.dbscan.DBScanAlgorithm:144 - DBScanAlgorithm: upadate 4088 points 
INFO  [2015-11-30 22:05:45,698] xof.classification.dbscan.DBScanAlgorithm:63 - It costs 138521 ms 
INFO  [2015-11-30 22:05:45,705] xof.classification.dbscan.DBScanAlgorithm:70 - count is 43836 
INFO  [2015-11-30 22:05:45,708] xof.classification.dbscan.DBScanAlgorithm:95 - {2226=4557} 
INFO  [2015-11-30 22:05:45,712] xof.classification.dbscan.DBScanAlgorithm:95 - {843=3561} 
INFO  [2015-11-30 22:05:45,717] xof.classification.dbscan.DBScanAlgorithm:95 - {11543=3419, 861=4205, 46=4190} 
INFO  [2015-11-30 22:05:45,720] xof.classification.dbscan.DBScanAlgorithm:95 - {209=4241} 
INFO  [2015-11-30 22:05:45,734] xof.classification.dbscan.DBScanAlgorithm:95 - {2333=4827} 
INFO  [2015-11-30 22:05:45,737] xof.classification.dbscan.DBScanAlgorithm:95 - {74683=5179} 
INFO  [2015-11-30 22:05:45,738] xof.classification.dbscan.DBScanAlgorithm:95 - {2501=3558} 
INFO  [2015-11-30 22:05:45,740] xof.classification.dbscan.DBScanAlgorithm:95 - {13556=2011} 
INFO  [2015-11-30 22:05:45,742] xof.classification.dbscan.DBScanAlgorithm:95 - {93036=4088} 
INFO  [2015-11-30 22:05:45,742] xof.classification.dbscan.DBScanAlgorithm:110 - DBScanAlgorithm: purity is 0.8264212063144447 
INFO  [2015-11-30 22:05:45,743] xof.classification.dbscan.DBScanAlgorithm:111 - DBScanAlgorithm: f_score list is [<2226,1.0>, <843,1.0>, <861,0.5250015606467321>, <209,1.0>, <2333,1.0>, <74683,1.0>, <2501,1.0>, <13556,1.0>, <93036,1.0>] 
INFO  [2015-11-30 22:05:47,194] xof.classification.dbscan.DBScanAlgorithm:144 - DBScanAlgorithm: upadate 4088 points 
INFO  [2015-11-30 22:05:47,198] xof.classification.dbscan.DBScanAlgorithm:63 - It costs 140030 ms 
INFO  [2015-11-30 22:05:47,202] xof.classification.dbscan.DBScanAlgorithm:70 - count is 43836 
INFO  [2015-11-30 22:05:47,204] xof.classification.dbscan.DBScanAlgorithm:95 - {2226=4557} 
INFO  [2015-11-30 22:05:47,206] xof.classification.dbscan.DBScanAlgorithm:95 - {843=3561} 
INFO  [2015-11-30 22:05:47,211] xof.classification.dbscan.DBScanAlgorithm:95 - {11543=3419, 861=4205, 46=4190} 
INFO  [2015-11-30 22:05:47,213] xof.classification.dbscan.DBScanAlgorithm:95 - {209=4241} 
INFO  [2015-11-30 22:05:47,215] xof.classification.dbscan.DBScanAlgorithm:95 - {2333=4827} 
INFO  [2015-11-30 22:05:47,217] xof.classification.dbscan.DBScanAlgorithm:95 - {74683=5179} 
INFO  [2015-11-30 22:05:47,225] xof.classification.dbscan.DBScanAlgorithm:95 - {2501=3558} 
INFO  [2015-11-30 22:05:47,226] xof.classification.dbscan.DBScanAlgorithm:95 - {13556=2011} 
INFO  [2015-11-30 22:05:47,228] xof.classification.dbscan.DBScanAlgorithm:95 - {93036=4088} 
INFO  [2015-11-30 22:05:47,228] xof.classification.dbscan.DBScanAlgorithm:110 - DBScanAlgorithm: purity is 0.8264212063144447 
INFO  [2015-11-30 22:05:47,229] xof.classification.dbscan.DBScanAlgorithm:111 - DBScanAlgorithm: f_score list is [<2226,1.0>, <843,1.0>, <861,0.5250015606467321>, <209,1.0>, <2333,1.0>, <74683,1.0>, <2501,1.0>, <13556,1.0>, <93036,1.0>] 
INFO  [2015-11-30 22:05:50,294] xof.classification.dbscan.DBScanAlgorithm:144 - DBScanAlgorithm: upadate 4088 points 
INFO  [2015-11-30 22:05:50,296] xof.classification.dbscan.DBScanAlgorithm:63 - It costs 143126 ms 
INFO  [2015-11-30 22:05:50,297] xof.classification.dbscan.DBScanAlgorithm:70 - count is 43836 
INFO  [2015-11-30 22:05:50,298] xof.classification.dbscan.DBScanAlgorithm:95 - {2226=4557} 
INFO  [2015-11-30 22:05:50,299] xof.classification.dbscan.DBScanAlgorithm:95 - {843=3561} 
INFO  [2015-11-30 22:05:50,300] xof.classification.dbscan.DBScanAlgorithm:95 - {11543=3419, 861=4205, 46=4190} 
INFO  [2015-11-30 22:05:50,303] xof.classification.dbscan.DBScanAlgorithm:95 - {209=4241} 
INFO  [2015-11-30 22:05:50,304] xof.classification.dbscan.DBScanAlgorithm:95 - {2333=4827} 
INFO  [2015-11-30 22:05:50,305] xof.classification.dbscan.DBScanAlgorithm:95 - {74683=5179} 
INFO  [2015-11-30 22:05:50,306] xof.classification.dbscan.DBScanAlgorithm:95 - {2501=3558} 
INFO  [2015-11-30 22:05:50,307] xof.classification.dbscan.DBScanAlgorithm:95 - {13556=2011} 
INFO  [2015-11-30 22:05:50,312] xof.classification.dbscan.DBScanAlgorithm:95 - {93036=4088} 
INFO  [2015-11-30 22:05:50,313] xof.classification.dbscan.DBScanAlgorithm:110 - DBScanAlgorithm: purity is 0.8264212063144447 
INFO  [2015-11-30 22:05:50,313] xof.classification.dbscan.DBScanAlgorithm:111 - DBScanAlgorithm: f_score list is [<2226,1.0>, <843,1.0>, <861,0.5250015606467321>, <209,1.0>, <2333,1.0>, <74683,1.0>, <2501,1.0>, <13556,1.0>, <93036,1.0>] 
INFO  [2015-11-30 22:06:02,189] xof.classification.dbscan.DBScanAlgorithm:144 - DBScanAlgorithm: upadate 4557 points 
INFO  [2015-11-30 22:06:04,288] xof.classification.dbscan.DBScanAlgorithm:144 - DBScanAlgorithm: upadate 4557 points 
INFO  [2015-11-30 22:06:04,655] xof.classification.dbscan.DBScanAlgorithm:144 - DBScanAlgorithm: upadate 4557 points 
INFO  [2015-11-30 22:06:13,189] xof.classification.dbscan.DBScanAlgorithm:144 - DBScanAlgorithm: upadate 3561 points 
INFO  [2015-11-30 22:06:14,675] xof.classification.dbscan.DBScanAlgorithm:144 - DBScanAlgorithm: upadate 3561 points 
INFO  [2015-11-30 22:06:15,732] xof.classification.dbscan.DBScanAlgorithm:144 - DBScanAlgorithm: upadate 3561 points 
INFO  [2015-11-30 22:07:27,393] xof.classification.dbscan.DBScanAlgorithm:144 - DBScanAlgorithm: upadate 13825 points 
INFO  [2015-11-30 22:07:28,655] xof.classification.dbscan.DBScanAlgorithm:144 - DBScanAlgorithm: upadate 13825 points 
INFO  [2015-11-30 22:07:31,931] xof.classification.dbscan.DBScanAlgorithm:144 - DBScanAlgorithm: upadate 13825 points 
INFO  [2015-11-30 22:07:41,017] xof.classification.dbscan.DBScanAlgorithm:144 - DBScanAlgorithm: upadate 4241 points 
INFO  [2015-11-30 22:07:42,088] xof.classification.dbscan.DBScanAlgorithm:144 - DBScanAlgorithm: upadate 4241 points 
INFO  [2015-11-30 22:07:45,739] xof.classification.dbscan.DBScanAlgorithm:144 - DBScanAlgorithm: upadate 4241 points 
INFO  [2015-11-30 22:07:57,224] xof.classification.dbscan.DBScanAlgorithm:144 - DBScanAlgorithm: upadate 4827 points 
INFO  [2015-11-30 22:07:58,311] xof.classification.dbscan.DBScanAlgorithm:144 - DBScanAlgorithm: upadate 4827 points 
INFO  [2015-11-30 22:08:03,119] xof.classification.dbscan.DBScanAlgorithm:144 - DBScanAlgorithm: upadate 4827 points 
INFO  [2015-11-30 22:08:15,165] xof.classification.dbscan.DBScanAlgorithm:144 - DBScanAlgorithm: upadate 5179 points 
INFO  [2015-11-30 22:08:16,060] xof.classification.dbscan.DBScanAlgorithm:144 - DBScanAlgorithm: upadate 5179 points 
INFO  [2015-11-30 22:08:22,033] xof.classification.dbscan.DBScanAlgorithm:144 - DBScanAlgorithm: upadate 5179 points 
INFO  [2015-11-30 22:08:25,790] xof.classification.dbscan.DBScanAlgorithm:144 - DBScanAlgorithm: upadate 3558 points 
INFO  [2015-11-30 22:08:26,489] xof.classification.dbscan.DBScanAlgorithm:144 - DBScanAlgorithm: upadate 3558 points 
INFO  [2015-11-30 22:08:32,928] xof.classification.dbscan.DBScanAlgorithm:144 - DBScanAlgorithm: upadate 3558 points 
INFO  [2015-11-30 22:08:38,164] xof.classification.dbscan.DBScanAlgorithm:144 - DBScanAlgorithm: upadate 4088 points 
INFO  [2015-11-30 22:08:38,166] xof.classification.dbscan.DBScanAlgorithm:63 - It costs 167844 ms 
INFO  [2015-11-30 22:08:38,168] xof.classification.dbscan.DBScanAlgorithm:70 - count is 43836 
INFO  [2015-11-30 22:08:38,170] xof.classification.dbscan.DBScanAlgorithm:95 - {2226=4557} 
INFO  [2015-11-30 22:08:38,171] xof.classification.dbscan.DBScanAlgorithm:95 - {843=3561} 
INFO  [2015-11-30 22:08:38,176] xof.classification.dbscan.DBScanAlgorithm:95 - {13556=2011, 11543=3419, 861=4205, 46=4190} 
INFO  [2015-11-30 22:08:38,177] xof.classification.dbscan.DBScanAlgorithm:95 - {209=4241} 
INFO  [2015-11-30 22:08:38,179] xof.classification.dbscan.DBScanAlgorithm:95 - {2333=4827} 
INFO  [2015-11-30 22:08:38,189] xof.classification.dbscan.DBScanAlgorithm:95 - {74683=5179} 
INFO  [2015-11-30 22:08:38,190] xof.classification.dbscan.DBScanAlgorithm:95 - {2501=3558} 
INFO  [2015-11-30 22:08:38,195] xof.classification.dbscan.DBScanAlgorithm:95 - {93036=4088} 
INFO  [2015-11-30 22:08:38,196] xof.classification.dbscan.DBScanAlgorithm:110 - DBScanAlgorithm: purity is 0.7805456702253856 
INFO  [2015-11-30 22:08:38,197] xof.classification.dbscan.DBScanAlgorithm:111 - DBScanAlgorithm: f_score list is [<2226,1.0>, <843,1.0>, <861,0.466444814198558>, <209,1.0>, <2333,1.0>, <74683,1.0>, <2501,1.0>, <93036,1.0>] 
INFO  [2015-11-30 22:08:38,625] xof.classification.dbscan.DBScanAlgorithm:144 - DBScanAlgorithm: upadate 4088 points 
INFO  [2015-11-30 22:08:38,626] xof.classification.dbscan.DBScanAlgorithm:63 - It costs 168305 ms 
INFO  [2015-11-30 22:08:38,627] xof.classification.dbscan.DBScanAlgorithm:70 - count is 43836 
INFO  [2015-11-30 22:08:38,628] xof.classification.dbscan.DBScanAlgorithm:95 - {2226=4557} 
INFO  [2015-11-30 22:08:38,628] xof.classification.dbscan.DBScanAlgorithm:95 - {843=3561} 
INFO  [2015-11-30 22:08:38,630] xof.classification.dbscan.DBScanAlgorithm:95 - {13556=2011, 11543=3419, 861=4205, 46=4190} 
INFO  [2015-11-30 22:08:38,631] xof.classification.dbscan.DBScanAlgorithm:95 - {209=4241} 
INFO  [2015-11-30 22:08:38,632] xof.classification.dbscan.DBScanAlgorithm:95 - {2333=4827} 
INFO  [2015-11-30 22:08:38,633] xof.classification.dbscan.DBScanAlgorithm:95 - {74683=5179} 
INFO  [2015-11-30 22:08:38,633] xof.classification.dbscan.DBScanAlgorithm:95 - {2501=3558} 
INFO  [2015-11-30 22:08:38,634] xof.classification.dbscan.DBScanAlgorithm:95 - {93036=4088} 
INFO  [2015-11-30 22:08:38,640] xof.classification.dbscan.DBScanAlgorithm:110 - DBScanAlgorithm: purity is 0.7805456702253856 
INFO  [2015-11-30 22:08:38,641] xof.classification.dbscan.DBScanAlgorithm:111 - DBScanAlgorithm: f_score list is [<2226,1.0>, <843,1.0>, <861,0.466444814198558>, <209,1.0>, <2333,1.0>, <74683,1.0>, <2501,1.0>, <93036,1.0>] 
INFO  [2015-11-30 22:08:42,925] xof.classification.dbscan.DBScanAlgorithm:144 - DBScanAlgorithm: upadate 4088 points 
INFO  [2015-11-30 22:08:42,926] xof.classification.dbscan.DBScanAlgorithm:63 - It costs 172600 ms 
INFO  [2015-11-30 22:08:42,927] xof.classification.dbscan.DBScanAlgorithm:70 - count is 43836 
INFO  [2015-11-30 22:08:42,928] xof.classification.dbscan.DBScanAlgorithm:95 - {2226=4557} 
INFO  [2015-11-30 22:08:42,928] xof.classification.dbscan.DBScanAlgorithm:95 - {843=3561} 
INFO  [2015-11-30 22:08:42,930] xof.classification.dbscan.DBScanAlgorithm:95 - {13556=2011, 11543=3419, 861=4205, 46=4190} 
INFO  [2015-11-30 22:08:42,930] xof.classification.dbscan.DBScanAlgorithm:95 - {209=4241} 
INFO  [2015-11-30 22:08:42,931] xof.classification.dbscan.DBScanAlgorithm:95 - {2333=4827} 
INFO  [2015-11-30 22:08:42,931] xof.classification.dbscan.DBScanAlgorithm:95 - {74683=5179} 
INFO  [2015-11-30 22:08:42,932] xof.classification.dbscan.DBScanAlgorithm:95 - {2501=3558} 
INFO  [2015-11-30 22:08:42,932] xof.classification.dbscan.DBScanAlgorithm:95 - {93036=4088} 
INFO  [2015-11-30 22:08:42,933] xof.classification.dbscan.DBScanAlgorithm:110 - DBScanAlgorithm: purity is 0.7805456702253856 
INFO  [2015-11-30 22:08:42,933] xof.classification.dbscan.DBScanAlgorithm:111 - DBScanAlgorithm: f_score list is [<2226,1.0>, <843,1.0>, <861,0.466444814198558>, <209,1.0>, <2333,1.0>, <74683,1.0>, <2501,1.0>, <93036,1.0>] 
INFO  [2015-11-30 22:08:53,363] xof.classification.dbscan.DBScanAlgorithm:144 - DBScanAlgorithm: upadate 4557 points 
INFO  [2015-11-30 22:08:54,205] xof.classification.dbscan.DBScanAlgorithm:144 - DBScanAlgorithm: upadate 4557 points 
INFO  [2015-11-30 22:08:55,717] xof.classification.dbscan.DBScanAlgorithm:144 - DBScanAlgorithm: upadate 4557 points 
INFO  [2015-11-30 22:09:03,246] xof.classification.dbscan.DBScanAlgorithm:144 - DBScanAlgorithm: upadate 3561 points 
INFO  [2015-11-30 22:09:04,332] xof.classification.dbscan.DBScanAlgorithm:144 - DBScanAlgorithm: upadate 3561 points 
INFO  [2015-11-30 22:09:05,792] xof.classification.dbscan.DBScanAlgorithm:144 - DBScanAlgorithm: upadate 3561 points 
INFO  [2015-11-30 22:10:15,028] xof.classification.dbscan.DBScanAlgorithm:144 - DBScanAlgorithm: upadate 13825 points 
INFO  [2015-11-30 22:10:17,624] xof.classification.dbscan.DBScanAlgorithm:144 - DBScanAlgorithm: upadate 13825 points 
INFO  [2015-11-30 22:10:19,099] xof.classification.dbscan.DBScanAlgorithm:144 - DBScanAlgorithm: upadate 13825 points 
INFO  [2015-11-30 22:10:27,985] xof.classification.dbscan.DBScanAlgorithm:144 - DBScanAlgorithm: upadate 4241 points 
INFO  [2015-11-30 22:10:30,630] xof.classification.dbscan.DBScanAlgorithm:144 - DBScanAlgorithm: upadate 4241 points 
INFO  [2015-11-30 22:10:32,199] xof.classification.dbscan.DBScanAlgorithm:144 - DBScanAlgorithm: upadate 4241 points 
INFO  [2015-11-30 22:10:43,848] xof.classification.dbscan.DBScanAlgorithm:144 - DBScanAlgorithm: upadate 4827 points 
INFO  [2015-11-30 22:10:46,714] xof.classification.dbscan.DBScanAlgorithm:144 - DBScanAlgorithm: upadate 4827 points 
INFO  [2015-11-30 22:10:48,358] xof.classification.dbscan.DBScanAlgorithm:144 - DBScanAlgorithm: upadate 4827 points 
INFO  [2015-11-30 22:11:01,574] xof.classification.dbscan.DBScanAlgorithm:144 - DBScanAlgorithm: upadate 5179 points 
INFO  [2015-11-30 22:11:05,040] xof.classification.dbscan.DBScanAlgorithm:144 - DBScanAlgorithm: upadate 5179 points 
INFO  [2015-11-30 22:11:06,940] xof.classification.dbscan.DBScanAlgorithm:144 - DBScanAlgorithm: upadate 5179 points 
INFO  [2015-11-30 22:11:11,931] xof.classification.dbscan.DBScanAlgorithm:144 - DBScanAlgorithm: upadate 3558 points 
INFO  [2015-11-30 22:11:15,712] xof.classification.dbscan.DBScanAlgorithm:144 - DBScanAlgorithm: upadate 3558 points 
INFO  [2015-11-30 22:11:17,489] xof.classification.dbscan.DBScanAlgorithm:144 - DBScanAlgorithm: upadate 3558 points 
INFO  [2015-11-30 22:11:24,286] xof.classification.dbscan.DBScanAlgorithm:144 - DBScanAlgorithm: upadate 4088 points 
INFO  [2015-11-30 22:11:24,286] xof.classification.dbscan.DBScanAlgorithm:63 - It costs 161350 ms 
INFO  [2015-11-30 22:11:24,287] xof.classification.dbscan.DBScanAlgorithm:70 - count is 43836 
INFO  [2015-11-30 22:11:24,288] xof.classification.dbscan.DBScanAlgorithm:95 - {2226=4557} 
INFO  [2015-11-30 22:11:24,289] xof.classification.dbscan.DBScanAlgorithm:95 - {843=3561} 
INFO  [2015-11-30 22:11:24,291] xof.classification.dbscan.DBScanAlgorithm:95 - {13556=2011, 11543=3419, 861=4205, 46=4190} 
INFO  [2015-11-30 22:11:24,292] xof.classification.dbscan.DBScanAlgorithm:95 - {209=4241} 
INFO  [2015-11-30 22:11:24,293] xof.classification.dbscan.DBScanAlgorithm:95 - {2333=4827} 
INFO  [2015-11-30 22:11:24,294] xof.classification.dbscan.DBScanAlgorithm:95 - {74683=5179} 
INFO  [2015-11-30 22:11:24,295] xof.classification.dbscan.DBScanAlgorithm:95 - {2501=3558} 
INFO  [2015-11-30 22:11:24,296] xof.classification.dbscan.DBScanAlgorithm:95 - {93036=4088} 
INFO  [2015-11-30 22:11:24,296] xof.classification.dbscan.DBScanAlgorithm:110 - DBScanAlgorithm: purity is 0.7805456702253856 
INFO  [2015-11-30 22:11:24,306] xof.classification.dbscan.DBScanAlgorithm:111 - DBScanAlgorithm: f_score list is [<2226,1.0>, <843,1.0>, <861,0.466444814198558>, <209,1.0>, <2333,1.0>, <74683,1.0>, <2501,1.0>, <93036,1.0>] 
INFO  [2015-11-30 22:11:27,379] xof.classification.dbscan.DBScanAlgorithm:144 - DBScanAlgorithm: upadate 4088 points 
INFO  [2015-11-30 22:11:27,380] xof.classification.dbscan.DBScanAlgorithm:63 - It costs 164444 ms 
INFO  [2015-11-30 22:11:27,381] xof.classification.dbscan.DBScanAlgorithm:70 - count is 43836 
INFO  [2015-11-30 22:11:27,382] xof.classification.dbscan.DBScanAlgorithm:95 - {2226=4557} 
INFO  [2015-11-30 22:11:27,383] xof.classification.dbscan.DBScanAlgorithm:95 - {843=3561} 
INFO  [2015-11-30 22:11:27,385] xof.classification.dbscan.DBScanAlgorithm:95 - {13556=2011, 11543=3419, 861=4205, 46=4190} 
INFO  [2015-11-30 22:11:27,386] xof.classification.dbscan.DBScanAlgorithm:95 - {209=4241} 
INFO  [2015-11-30 22:11:27,387] xof.classification.dbscan.DBScanAlgorithm:95 - {2333=4827} 
INFO  [2015-11-30 22:11:27,388] xof.classification.dbscan.DBScanAlgorithm:95 - {74683=5179} 
INFO  [2015-11-30 22:11:27,389] xof.classification.dbscan.DBScanAlgorithm:95 - {2501=3558} 
INFO  [2015-11-30 22:11:27,390] xof.classification.dbscan.DBScanAlgorithm:95 - {93036=4088} 
INFO  [2015-11-30 22:11:27,390] xof.classification.dbscan.DBScanAlgorithm:110 - DBScanAlgorithm: purity is 0.7805456702253856 
INFO  [2015-11-30 22:11:27,390] xof.classification.dbscan.DBScanAlgorithm:111 - DBScanAlgorithm: f_score list is [<2226,1.0>, <843,1.0>, <861,0.466444814198558>, <209,1.0>, <2333,1.0>, <74683,1.0>, <2501,1.0>, <93036,1.0>] 
INFO  [2015-11-30 22:11:28,499] xof.classification.dbscan.DBScanAlgorithm:144 - DBScanAlgorithm: upadate 4088 points 
INFO  [2015-11-30 22:11:28,500] xof.classification.dbscan.DBScanAlgorithm:63 - It costs 165564 ms 
INFO  [2015-11-30 22:11:28,507] xof.classification.dbscan.DBScanAlgorithm:70 - count is 43836 
INFO  [2015-11-30 22:11:28,508] xof.classification.dbscan.DBScanAlgorithm:95 - {2226=4557} 
INFO  [2015-11-30 22:11:28,509] xof.classification.dbscan.DBScanAlgorithm:95 - {843=3561} 
INFO  [2015-11-30 22:11:28,510] xof.classification.dbscan.DBScanAlgorithm:95 - {13556=2011, 11543=3419, 861=4205, 46=4190} 
INFO  [2015-11-30 22:11:28,510] xof.classification.dbscan.DBScanAlgorithm:95 - {209=4241} 
INFO  [2015-11-30 22:11:28,511] xof.classification.dbscan.DBScanAlgorithm:95 - {2333=4827} 
INFO  [2015-11-30 22:11:28,511] xof.classification.dbscan.DBScanAlgorithm:95 - {74683=5179} 
INFO  [2015-11-30 22:11:28,511] xof.classification.dbscan.DBScanAlgorithm:95 - {2501=3558} 
INFO  [2015-11-30 22:11:28,512] xof.classification.dbscan.DBScanAlgorithm:95 - {93036=4088} 
INFO  [2015-11-30 22:11:28,512] xof.classification.dbscan.DBScanAlgorithm:110 - DBScanAlgorithm: purity is 0.7805456702253856 
INFO  [2015-11-30 22:11:28,512] xof.classification.dbscan.DBScanAlgorithm:111 - DBScanAlgorithm: f_score list is [<2226,1.0>, <843,1.0>, <861,0.466444814198558>, <209,1.0>, <2333,1.0>, <74683,1.0>, <2501,1.0>, <93036,1.0>] 
